==2795== Memcheck, a memory error detector
==2795== Copyright (C) 2002-2017, and GNU GPL'd, by Julian Seward et al.
==2795== Using Valgrind-3.15.0 and LibVEX; rerun with -h for copyright info
==2795== Command: ./hsh
==2795== Parent PID: 2653
==2795== 
==2795== 
==2795== HEAP SUMMARY:
==2795==     in use at exit: 136 bytes in 2 blocks
==2795==   total heap usage: 3 allocs, 1 frees, 1,160 bytes allocated
==2795== 
==2795== LEAK SUMMARY:
==2795==    definitely lost: 0 bytes in 0 blocks
==2795==    indirectly lost: 0 bytes in 0 blocks
==2795==      possibly lost: 0 bytes in 0 blocks
==2795==    still reachable: 136 bytes in 2 blocks
==2795==         suppressed: 0 bytes in 0 blocks
==2795== Reachable blocks (those to which a pointer was found) are not shown.
==2795== To see them, rerun with: --leak-check=full --show-leak-kinds=all
==2795== 
==2795== For lists of detected and suppressed errors, rerun with: -s
==2795== ERROR SUMMARY: 0 errors from 0 contexts (suppressed: 0 from 0)
